<?xml version="1.0" encoding="UTF-8"?>
<!-- Generated by org.testng.reporters.JUnitXMLReporter -->
<testsuite ignored="0" hostname="LAPTOP-LJ8GJ86P" failures="0" tests="5" name="Default test" time="22.673" errors="0" timestamp="2024-07-18T23:47:23 AEST">
  <testcase classname="package1.ConvertmoduleTest" name="Test1" time="4.716"/>
  <testcase classname="package1.ConvertmoduleTest" name="Test2" time="4.879"/>
  <testcase classname="package1.ConvertmoduleTest" name="Test3" time="4.973"/>
  <testcase classname="package1.ConvertmoduleTest" name="Test4" time="4.789"/>
  <testcase classname="package1.ConvertmoduleTest" name="Test5" time="2.688"/>
</testsuite> <!-- Default test -->
