<?xml version="1.0" encoding="UTF-8"?>
<testng-results ignored="0" total="5" passed="5" failed="0" skipped="0">
  <reporter-output>
  </reporter-output>
  <suite started-at="2024-07-18T23:47:00 AEST" name="Default suite" finished-at="2024-07-18T23:47:23 AEST" duration-ms="22673">
    <groups>
    </groups>
    <test started-at="2024-07-18T23:47:00 AEST" name="Default test" finished-at="2024-07-18T23:47:23 AEST" duration-ms="22673">
      <class name="package1.ConvertmoduleTest">
        <test-method is-config="true" signature="BeforeMethod()[pri:0, instance:package1.ConvertmoduleTest@7ce026d3]" started-at="2024-07-18T23:47:00 AEST" name="BeforeMethod" finished-at="2024-07-18T23:47:01 AEST" duration-ms="570" status="PASS">
          <reporter-output>
          </reporter-output>
        </test-method> <!-- BeforeMethod -->
        <test-method signature="Test1()[pri:0, instance:package1.ConvertmoduleTest@7ce026d3]" started-at="2024-07-18T23:47:01 AEST" name="Test1" finished-at="2024-07-18T23:47:05 AEST" duration-ms="4716" status="PASS">
          <reporter-output>
          </reporter-output>
        </test-method> <!-- Test1 -->
        <test-method signature="Test2()[pri:0, instance:package1.ConvertmoduleTest@7ce026d3]" started-at="2024-07-18T23:47:05 AEST" name="Test2" finished-at="2024-07-18T23:47:10 AEST" duration-ms="4879" status="PASS">
          <reporter-output>
          </reporter-output>
        </test-method> <!-- Test2 -->
        <test-method signature="Test3()[pri:0, instance:package1.ConvertmoduleTest@7ce026d3]" started-at="2024-07-18T23:47:10 AEST" name="Test3" finished-at="2024-07-18T23:47:15 AEST" duration-ms="4973" status="PASS">
          <reporter-output>
          </reporter-output>
        </test-method> <!-- Test3 -->
        <test-method signature="Test4()[pri:0, instance:package1.ConvertmoduleTest@7ce026d3]" started-at="2024-07-18T23:47:15 AEST" name="Test4" finished-at="2024-07-18T23:47:20 AEST" duration-ms="4789" status="PASS">
          <reporter-output>
          </reporter-output>
        </test-method> <!-- Test4 -->
        <test-method signature="Test5()[pri:0, instance:package1.ConvertmoduleTest@7ce026d3]" started-at="2024-07-18T23:47:20 AEST" name="Test5" finished-at="2024-07-18T23:47:23 AEST" duration-ms="2688" status="PASS">
          <reporter-output>
          </reporter-output>
        </test-method> <!-- Test5 -->
      </class> <!-- package1.ConvertmoduleTest -->
    </test> <!-- Default test -->
  </suite> <!-- Default suite -->
</testng-results>
